This is pdfTeX, Version 3.1415926-2.5-1.40.14 (TeX Live 2013/Debian) (format=pdflatex 2014.2.11)  13 FEB 2014 16:52
entering extended mode
 \write18 enabled.
 %&-line parsing enabled.
**hw2.tex
(./hw2.tex
LaTeX2e <2011/06/27>
Babel <3.9g> and hyphenation patterns for 4 languages loaded.
(/usr/share/texlive/texmf-dist/tex/latex/base/article.cls
Document Class: article 2007/10/19 v1.4h Standard LaTeX document class
(/usr/share/texlive/texmf-dist/tex/latex/base/size10.clo
File: size10.clo 2007/10/19 v1.4h Standard LaTeX file (size option)
)
\c@part=\count79
\c@section=\count80
\c@subsection=\count81
\c@subsubsection=\count82
\c@paragraph=\count83
\c@subparagraph=\count84
\c@figure=\count85
\c@table=\count86
\abovecaptionskip=\skip41
\belowcaptionskip=\skip42
\bibindent=\dimen102
) (/usr/share/texlive/texmf-dist/tex/latex/geometry/geometry.sty
Package: geometry 2010/09/12 v5.6 Page Geometry
(/usr/share/texlive/texmf-dist/tex/latex/graphics/keyval.sty
Package: keyval 1999/03/16 v1.13 key=value parser (DPC)
\KV@toks@=\toks14
) (/usr/share/texlive/texmf-dist/tex/generic/oberdiek/ifpdf.sty
Package: ifpdf 2011/01/30 v2.3 Provides the ifpdf switch (HO)
Package ifpdf Info: pdfTeX in PDF mode is detected.
) (/usr/share/texlive/texmf-dist/tex/generic/oberdiek/ifvtex.sty
Package: ifvtex 2010/03/01 v1.5 Detect VTeX and its facilities (HO)
Package ifvtex Info: VTeX not detected.
) (/usr/share/texlive/texmf-dist/tex/generic/ifxetex/ifxetex.sty
Package: ifxetex 2010/09/12 v0.6 Provides ifxetex conditional
)
\Gm@cnth=\count87
\Gm@cntv=\count88
\c@Gm@tempcnt=\count89
\Gm@bindingoffset=\dimen103
\Gm@wd@mp=\dimen104
\Gm@odd@mp=\dimen105
\Gm@even@mp=\dimen106
\Gm@layoutwidth=\dimen107
\Gm@layoutheight=\dimen108
\Gm@layouthoffset=\dimen109
\Gm@layoutvoffset=\dimen110
\Gm@dimlist=\toks15
) (/usr/share/texlive/texmf-dist/tex/latex/graphics/graphicx.sty
Package: graphicx 1999/02/16 v1.0f Enhanced LaTeX Graphics (DPC,SPQR)
(/usr/share/texlive/texmf-dist/tex/latex/graphics/graphics.sty
Package: graphics 2009/02/05 v1.0o Standard LaTeX Graphics (DPC,SPQR)
(/usr/share/texlive/texmf-dist/tex/latex/graphics/trig.sty
Package: trig 1999/03/16 v1.09 sin cos tan (DPC)
) (/usr/share/texlive/texmf-dist/tex/latex/latexconfig/graphics.cfg
File: graphics.cfg 2010/04/23 v1.9 graphics configuration of TeX Live
)
Package graphics Info: Driver file: pdftex.def on input line 91.
(/usr/share/texlive/texmf-dist/tex/latex/pdftex-def/pdftex.def
File: pdftex.def 2011/05/27 v0.06d Graphics/color for pdfTeX
(/usr/share/texlive/texmf-dist/tex/generic/oberdiek/infwarerr.sty
Package: infwarerr 2010/04/08 v1.3 Providing info/warning/error messages (HO)
) (/usr/share/texlive/texmf-dist/tex/generic/oberdiek/ltxcmds.sty
Package: ltxcmds 2011/11/09 v1.22 LaTeX kernel commands for general use (HO)
)
\Gread@gobject=\count90
))
\Gin@req@height=\dimen111
\Gin@req@width=\dimen112
) (/usr/share/texlive/texmf-dist/tex/latex/cite/cite.sty
LaTeX Info: Redefining \cite on input line 302.
LaTeX Info: Redefining \nocite on input line 373.
Package: cite 2010/09/10  v 5.3
) (/usr/share/texlive/texmf-dist/tex/latex/graphics/color.sty
Package: color 2005/11/14 v1.0j Standard LaTeX Color (DPC)
(/usr/share/texlive/texmf-dist/tex/latex/latexconfig/color.cfg
File: color.cfg 2007/01/18 v1.5 color configuration of teTeX/TeXLive
)
Package color Info: Driver file: pdftex.def on input line 130.
) (/usr/share/texlive/texmf-dist/tex/latex/listings/listings.sty
\lst@mode=\count91
\lst@gtempboxa=\box26
\lst@token=\toks16
\lst@length=\count92
\lst@currlwidth=\dimen113
\lst@column=\count93
\lst@pos=\count94
\lst@lostspace=\dimen114
\lst@width=\dimen115
\lst@newlines=\count95
\lst@lineno=\count96
\lst@maxwidth=\dimen116
(/usr/share/texlive/texmf-dist/tex/latex/listings/lstmisc.sty
File: lstmisc.sty 2013/08/26 1.5b (Carsten Heinz)
\c@lstnumber=\count97
\lst@skipnumbers=\count98
\lst@framebox=\box27
) (/usr/share/texlive/texmf-dist/tex/latex/listings/listings.cfg
File: listings.cfg 2013/08/26 1.5b listings configuration
))
Package: listings 2013/08/26 1.5b (Carsten Heinz)
(/usr/share/texlive/texmf-dist/tex/latex/pdfpages/pdfpages.sty
Package: pdfpages 2013/08/25 v0.4v Insert pages of external PDF documents (AM)
(/usr/share/texlive/texmf-dist/tex/latex/base/ifthen.sty
Package: ifthen 2001/05/26 v1.1c Standard LaTeX ifthen package (DPC)
) (/usr/share/texlive/texmf-dist/tex/latex/tools/calc.sty
Package: calc 2007/08/22 v4.3 Infix arithmetic (KKT,FJ)
\calc@Acount=\count99
\calc@Bcount=\count100
\calc@Adimen=\dimen117
\calc@Bdimen=\dimen118
\calc@Askip=\skip43
\calc@Bskip=\skip44
LaTeX Info: Redefining \setlength on input line 76.
LaTeX Info: Redefining \addtolength on input line 77.
\calc@Ccount=\count101
\calc@Cskip=\skip45
) (/usr/share/texlive/texmf-dist/tex/latex/eso-pic/eso-pic.sty
Package: eso-pic 2013/10/06 v2.0d eso-pic (RN)
(/usr/share/texlive/texmf-dist/tex/generic/oberdiek/atbegshi.sty
Package: atbegshi 2011/10/05 v1.16 At begin shipout hook (HO)
)) (/usr/share/texlive/texmf-dist/tex/latex/pdfpages/pppdftex.def
File: pppdftex.def 2013/08/25 v0.4v Pdfpages driver for pdfTeX (AM)
)
\AM@pagebox=\box28
\AM@toc@title=\toks17
\c@AM@survey=\count102
\AM@templatesizebox=\box29
) (/usr/share/texlive/texmf-dist/tex/latex/listings/lstlang1.sty
File: lstlang1.sty 2013/08/26 1.5b listings language file
) (/usr/share/texlive/texmf-dist/tex/latex/listings/lstlang2.sty
File: lstlang2.sty 2013/08/26 1.5b listings language file
) (/usr/share/texlive/texmf-dist/tex/latex/listings/lstlang3.sty
File: lstlang3.sty 2013/08/26 1.5b listings language file
) (./hw2.aux)
\openout1 = `hw2.aux'.

LaTeX Font Info:    Checking defaults for OML/cmm/m/it on input line 41.
LaTeX Font Info:    ... okay on input line 41.
LaTeX Font Info:    Checking defaults for T1/cmr/m/n on input line 41.
LaTeX Font Info:    ... okay on input line 41.
LaTeX Font Info:    Checking defaults for OT1/cmr/m/n on input line 41.
LaTeX Font Info:    ... okay on input line 41.
LaTeX Font Info:    Checking defaults for OMS/cmsy/m/n on input line 41.
LaTeX Font Info:    ... okay on input line 41.
LaTeX Font Info:    Checking defaults for OMX/cmex/m/n on input line 41.
LaTeX Font Info:    ... okay on input line 41.
LaTeX Font Info:    Checking defaults for U/cmr/m/n on input line 41.
LaTeX Font Info:    ... okay on input line 41.
*geometry* driver: auto-detecting
*geometry* detected driver: pdftex
*geometry* verbose mode - [ preamble ] result:
* driver: pdftex
* paper: <default>
* layout: <same size as paper>
* layoutoffset:(h,v)=(0.0pt,0.0pt)
* modes: 
* h-part:(L,W,R)=(72.26999pt, 469.75502pt, 72.26999pt)
* v-part:(T,H,B)=(72.26999pt, 650.43001pt, 72.26999pt)
* \paperwidth=614.295pt
* \paperheight=794.96999pt
* \textwidth=469.75502pt
* \textheight=650.43001pt
* \oddsidemargin=0.0pt
* \evensidemargin=0.0pt
* \topmargin=-37.0pt
* \headheight=12.0pt
* \headsep=25.0pt
* \topskip=10.0pt
* \footskip=30.0pt
* \marginparwidth=65.0pt
* \marginparsep=11.0pt
* \columnsep=10.0pt
* \skip\footins=9.0pt plus 4.0pt minus 2.0pt
* \hoffset=0.0pt
* \voffset=0.0pt
* \mag=1000
* \@twocolumnfalse
* \@twosidefalse
* \@mparswitchfalse
* \@reversemarginfalse
* (1in=72.27pt=25.4mm, 1cm=28.453pt)

(/usr/share/texlive/texmf-dist/tex/context/base/supp-pdf.mkii
[Loading MPS to PDF converter (version 2006.09.02).]
\scratchcounter=\count103
\scratchdimen=\dimen119
\scratchbox=\box30
\nofMPsegments=\count104
\nofMParguments=\count105
\everyMPshowfont=\toks18
\MPscratchCnt=\count106
\MPscratchDim=\dimen120
\MPnumerator=\count107
\makeMPintoPDFobject=\count108
\everyMPtoPDFconversion=\toks19
) (/usr/share/texlive/texmf-dist/tex/generic/oberdiek/pdftexcmds.sty
Package: pdftexcmds 2011/11/29 v0.20 Utility functions of pdfTeX for LuaTeX (HO
)
(/usr/share/texlive/texmf-dist/tex/generic/oberdiek/ifluatex.sty
Package: ifluatex 2010/03/01 v1.3 Provides the ifluatex switch (HO)
Package ifluatex Info: LuaTeX not detected.
)
Package pdftexcmds Info: LuaTeX not detected.
Package pdftexcmds Info: \pdf@primitive is available.
Package pdftexcmds Info: \pdf@ifprimitive is available.
Package pdftexcmds Info: \pdfdraftmode found.
) (/usr/share/texlive/texmf-dist/tex/latex/oberdiek/epstopdf-base.sty
Package: epstopdf-base 2010/02/09 v2.5 Base part for package epstopdf
(/usr/share/texlive/texmf-dist/tex/latex/oberdiek/grfext.sty
Package: grfext 2010/08/19 v1.1 Manage graphics extensions (HO)
(/usr/share/texlive/texmf-dist/tex/generic/oberdiek/kvdefinekeys.sty
Package: kvdefinekeys 2011/04/07 v1.3 Define keys (HO)
)) (/usr/share/texlive/texmf-dist/tex/latex/oberdiek/kvoptions.sty
Package: kvoptions 2011/06/30 v3.11 Key value format for package options (HO)
(/usr/share/texlive/texmf-dist/tex/generic/oberdiek/kvsetkeys.sty
Package: kvsetkeys 2012/04/25 v1.16 Key value parser (HO)
(/usr/share/texlive/texmf-dist/tex/generic/oberdiek/etexcmds.sty
Package: etexcmds 2011/02/16 v1.5 Avoid name clashes with e-TeX commands (HO)
Package etexcmds Info: Could not find \expanded.
(etexcmds)             That can mean that you are not using pdfTeX 1.50 or
(etexcmds)             that some package has redefined \expanded.
(etexcmds)             In the latter case, load this package earlier.
)))
Package grfext Info: Graphics extension search list:
(grfext)             [.png,.pdf,.jpg,.mps,.jpeg,.jbig2,.jb2,.PNG,.PDF,.JPG,.JPE
G,.JBIG2,.JB2,.eps]
(grfext)             \AppendGraphicsExtensions on input line 452.
(/usr/share/texlive/texmf-dist/tex/latex/latexconfig/epstopdf-sys.cfg
File: epstopdf-sys.cfg 2010/07/13 v1.3 Configuration of (r)epstopdf for TeX Liv
e
))
\c@lstlisting=\count109
\AtBeginShipoutBox=\box31
LaTeX Font Info:    External font `cmex10' loaded for size
(Font)              <12> on input line 42.
LaTeX Font Info:    External font `cmex10' loaded for size
(Font)              <8> on input line 42.
LaTeX Font Info:    External font `cmex10' loaded for size
(Font)              <6> on input line 42.
LaTeX Font Info:    Try loading font information for OMS+cmr on input line 44.
(/usr/share/texlive/texmf-dist/tex/latex/base/omscmr.fd
File: omscmr.fd 1999/05/25 v2.5h Standard LaTeX font definitions
)
LaTeX Font Info:    Font shape `OMS/cmr/m/n' in size <10> not available
(Font)              Font shape `OMS/cmsy/m/n' tried instead on input line 44.
LaTeX Font Info:    External font `cmex10' loaded for size
(Font)              <7> on input line 58.
LaTeX Font Info:    External font `cmex10' loaded for size
(Font)              <5> on input line 58.
<../html/hw2.pdf, id=1, 614.295pt x 794.97pt>
File: ../html/hw2.pdf Graphic file (type pdf)
<use ../html/hw2.pdf>
Package pdftex.def Info: ../html/hw2.pdf used on input line 72.
(pdftex.def)             Requested size: 614.29349pt x 794.96806pt.
File: ../html/hw2.pdf Graphic file (type pdf)
<use ../html/hw2.pdf>
Package pdftex.def Info: ../html/hw2.pdf used on input line 72.
(pdftex.def)             Requested size: 614.29349pt x 794.96806pt.
[1

{/var/lib/texmf/fonts/map/pdftex/updmap/pdftex.map}] <../html/hw2.pdf, id=14, p
age=1, 614.295pt x 794.97pt>
File: ../html/hw2.pdf Graphic file (type pdf)
<use ../html/hw2.pdf, page 1>
Package pdftex.def Info: ../html/hw2.pdf, page1 used on input line 72.
(pdftex.def)             Requested size: 614.29349pt x 794.96806pt.
File: ../html/hw2.pdf Graphic file (type pdf)
<use ../html/hw2.pdf, page 1>
Package pdftex.def Info: ../html/hw2.pdf, page1 used on input line 72.
(pdftex.def)             Requested size: 614.58406pt x 795.3441pt.
File: ../html/hw2.pdf Graphic file (type pdf)
<use ../html/hw2.pdf, page 1>
Package pdftex.def Info: ../html/hw2.pdf, page1 used on input line 72.
(pdftex.def)             Requested size: 614.58406pt x 795.3441pt.
File: ../html/hw2.pdf Graphic file (type pdf)
<use ../html/hw2.pdf, page 1>
Package pdftex.def Info: ../html/hw2.pdf, page1 used on input line 72.
(pdftex.def)             Requested size: 614.58406pt x 795.3441pt.
File: ../html/hw2.pdf Graphic file (type pdf)
<use ../html/hw2.pdf, page 1>
Package pdftex.def Info: ../html/hw2.pdf, page1 used on input line 72.
(pdftex.def)             Requested size: 614.58406pt x 795.3441pt.
[2 <../html/hw2.pdf>] <../html/hw2.pdf, id=44, page=2, 614.295pt x 794.97pt>
File: ../html/hw2.pdf Graphic file (type pdf)
<use ../html/hw2.pdf, page 2>
Package pdftex.def Info: ../html/hw2.pdf, page2 used on input line 72.
(pdftex.def)             Requested size: 614.58406pt x 795.3441pt.
File: ../html/hw2.pdf Graphic file (type pdf)
<use ../html/hw2.pdf, page 2>
Package pdftex.def Info: ../html/hw2.pdf, page2 used on input line 72.
(pdftex.def)             Requested size: 614.58406pt x 795.3441pt.
File: ../html/hw2.pdf Graphic file (type pdf)
<use ../html/hw2.pdf, page 2>
Package pdftex.def Info: ../html/hw2.pdf, page2 used on input line 72.
(pdftex.def)             Requested size: 614.58406pt x 795.3441pt.
[3 <../html/hw2.pdf>] <../html/hw2.pdf, id=48, page=3, 614.295pt x 794.97pt>
File: ../html/hw2.pdf Graphic file (type pdf)
<use ../html/hw2.pdf, page 3>
Package pdftex.def Info: ../html/hw2.pdf, page3 used on input line 72.
(pdftex.def)             Requested size: 614.58406pt x 795.3441pt.
File: ../html/hw2.pdf Graphic file (type pdf)
<use ../html/hw2.pdf, page 3>
Package pdftex.def Info: ../html/hw2.pdf, page3 used on input line 72.
(pdftex.def)             Requested size: 614.58406pt x 795.3441pt.
File: ../html/hw2.pdf Graphic file (type pdf)
<use ../html/hw2.pdf, page 3>
Package pdftex.def Info: ../html/hw2.pdf, page3 used on input line 72.
(pdftex.def)             Requested size: 614.58406pt x 795.3441pt.
[4 <../html/hw2.pdf>] <../html/hw2.pdf, id=52, page=4, 614.295pt x 794.97pt>
File: ../html/hw2.pdf Graphic file (type pdf)
<use ../html/hw2.pdf, page 4>
Package pdftex.def Info: ../html/hw2.pdf, page4 used on input line 72.
(pdftex.def)             Requested size: 614.58406pt x 795.3441pt.
File: ../html/hw2.pdf Graphic file (type pdf)
<use ../html/hw2.pdf, page 4>
Package pdftex.def Info: ../html/hw2.pdf, page4 used on input line 72.
(pdftex.def)             Requested size: 614.58406pt x 795.3441pt.
File: ../html/hw2.pdf Graphic file (type pdf)
<use ../html/hw2.pdf, page 4>
Package pdftex.def Info: ../html/hw2.pdf, page4 used on input line 72.
(pdftex.def)             Requested size: 614.58406pt x 795.3441pt.
[5 <../html/hw2.pdf>] <../html/hw2.pdf, id=56, page=5, 614.295pt x 794.97pt>
File: ../html/hw2.pdf Graphic file (type pdf)
<use ../html/hw2.pdf, page 5>
Package pdftex.def Info: ../html/hw2.pdf, page5 used on input line 72.
(pdftex.def)             Requested size: 614.58406pt x 795.3441pt.
File: ../html/hw2.pdf Graphic file (type pdf)
<use ../html/hw2.pdf, page 5>
Package pdftex.def Info: ../html/hw2.pdf, page5 used on input line 72.
(pdftex.def)             Requested size: 614.58406pt x 795.3441pt.
File: ../html/hw2.pdf Graphic file (type pdf)
<use ../html/hw2.pdf, page 5>
Package pdftex.def Info: ../html/hw2.pdf, page5 used on input line 72.
(pdftex.def)             Requested size: 614.58406pt x 795.3441pt.
[6 <../html/hw2.pdf>] <../html/hw2.pdf, id=60, page=6, 614.295pt x 794.97pt>
File: ../html/hw2.pdf Graphic file (type pdf)
<use ../html/hw2.pdf, page 6>
Package pdftex.def Info: ../html/hw2.pdf, page6 used on input line 72.
(pdftex.def)             Requested size: 614.58406pt x 795.3441pt.
File: ../html/hw2.pdf Graphic file (type pdf)
<use ../html/hw2.pdf, page 6>
Package pdftex.def Info: ../html/hw2.pdf, page6 used on input line 72.
(pdftex.def)             Requested size: 614.58406pt x 795.3441pt.
File: ../html/hw2.pdf Graphic file (type pdf)
<use ../html/hw2.pdf, page 6>
Package pdftex.def Info: ../html/hw2.pdf, page6 used on input line 72.
(pdftex.def)             Requested size: 614.58406pt x 795.3441pt.
[7 <../html/hw2.pdf>] <../html/hw2.pdf, id=65, page=7, 614.295pt x 794.97pt>
File: ../html/hw2.pdf Graphic file (type pdf)
<use ../html/hw2.pdf, page 7>
Package pdftex.def Info: ../html/hw2.pdf, page7 used on input line 72.
(pdftex.def)             Requested size: 614.58406pt x 795.3441pt.
File: ../html/hw2.pdf Graphic file (type pdf)
<use ../html/hw2.pdf, page 7>
Package pdftex.def Info: ../html/hw2.pdf, page7 used on input line 72.
(pdftex.def)             Requested size: 614.58406pt x 795.3441pt.
File: ../html/hw2.pdf Graphic file (type pdf)
<use ../html/hw2.pdf, page 7>
Package pdftex.def Info: ../html/hw2.pdf, page7 used on input line 72.
(pdftex.def)             Requested size: 614.58406pt x 795.3441pt.
[8 <../html/hw2.pdf>] <../html/hw2.pdf, id=69, page=8, 614.295pt x 794.97pt>
File: ../html/hw2.pdf Graphic file (type pdf)
<use ../html/hw2.pdf, page 8>
Package pdftex.def Info: ../html/hw2.pdf, page8 used on input line 72.
(pdftex.def)             Requested size: 614.58406pt x 795.3441pt.
File: ../html/hw2.pdf Graphic file (type pdf)
<use ../html/hw2.pdf, page 8>
Package pdftex.def Info: ../html/hw2.pdf, page8 used on input line 72.
(pdftex.def)             Requested size: 614.58406pt x 795.3441pt.
File: ../html/hw2.pdf Graphic file (type pdf)
<use ../html/hw2.pdf, page 8>
Package pdftex.def Info: ../html/hw2.pdf, page8 used on input line 72.
(pdftex.def)             Requested size: 614.58406pt x 795.3441pt.
[9 <../html/hw2.pdf>] <../html/hw2.pdf, id=73, page=9, 614.295pt x 794.97pt>
File: ../html/hw2.pdf Graphic file (type pdf)
<use ../html/hw2.pdf, page 9>
Package pdftex.def Info: ../html/hw2.pdf, page9 used on input line 72.
(pdftex.def)             Requested size: 614.58406pt x 795.3441pt.
File: ../html/hw2.pdf Graphic file (type pdf)
<use ../html/hw2.pdf, page 9>
Package pdftex.def Info: ../html/hw2.pdf, page9 used on input line 72.
(pdftex.def)             Requested size: 614.58406pt x 795.3441pt.
File: ../html/hw2.pdf Graphic file (type pdf)
<use ../html/hw2.pdf, page 9>
Package pdftex.def Info: ../html/hw2.pdf, page9 used on input line 72.
(pdftex.def)             Requested size: 614.58406pt x 795.3441pt.
[10 <../html/hw2.pdf>] <../html/hw2.pdf, id=77, page=10, 614.295pt x 794.97pt>
File: ../html/hw2.pdf Graphic file (type pdf)
<use ../html/hw2.pdf, page 10>
Package pdftex.def Info: ../html/hw2.pdf, page10 used on input line 72.
(pdftex.def)             Requested size: 614.58406pt x 795.3441pt.
File: ../html/hw2.pdf Graphic file (type pdf)
<use ../html/hw2.pdf, page 10>
Package pdftex.def Info: ../html/hw2.pdf, page10 used on input line 72.
(pdftex.def)             Requested size: 614.58406pt x 795.3441pt.
File: ../html/hw2.pdf Graphic file (type pdf)
<use ../html/hw2.pdf, page 10>
Package pdftex.def Info: ../html/hw2.pdf, page10 used on input line 72.
(pdftex.def)             Requested size: 614.58406pt x 795.3441pt.
[11 <../html/hw2.pdf>] <../html/hw2.pdf, id=81, page=11, 614.295pt x 794.97pt>
File: ../html/hw2.pdf Graphic file (type pdf)
<use ../html/hw2.pdf, page 11>
Package pdftex.def Info: ../html/hw2.pdf, page11 used on input line 72.
(pdftex.def)             Requested size: 614.58406pt x 795.3441pt.
File: ../html/hw2.pdf Graphic file (type pdf)
<use ../html/hw2.pdf, page 11>
Package pdftex.def Info: ../html/hw2.pdf, page11 used on input line 72.
(pdftex.def)             Requested size: 614.58406pt x 795.3441pt.
File: ../html/hw2.pdf Graphic file (type pdf)
<use ../html/hw2.pdf, page 11>
Package pdftex.def Info: ../html/hw2.pdf, page11 used on input line 72.
(pdftex.def)             Requested size: 614.58406pt x 795.3441pt.
[12 <../html/hw2.pdf>] <../html/hw2.pdf, id=85, page=12, 614.295pt x 794.97pt>
File: ../html/hw2.pdf Graphic file (type pdf)
<use ../html/hw2.pdf, page 12>
Package pdftex.def Info: ../html/hw2.pdf, page12 used on input line 72.
(pdftex.def)             Requested size: 614.58406pt x 795.3441pt.
File: ../html/hw2.pdf Graphic file (type pdf)
<use ../html/hw2.pdf, page 12>
Package pdftex.def Info: ../html/hw2.pdf, page12 used on input line 72.
(pdftex.def)             Requested size: 614.58406pt x 795.3441pt.
File: ../html/hw2.pdf Graphic file (type pdf)
<use ../html/hw2.pdf, page 12>
Package pdftex.def Info: ../html/hw2.pdf, page12 used on input line 72.
(pdftex.def)             Requested size: 614.58406pt x 795.3441pt.
[13 <../html/hw2.pdf>] <../html/gaussfilter.pdf, id=90, 614.295pt x 794.97pt>
File: ../html/gaussfilter.pdf Graphic file (type pdf)
<use ../html/gaussfilter.pdf>
Package pdftex.def Info: ../html/gaussfilter.pdf used on input line 73.
(pdftex.def)             Requested size: 614.29349pt x 794.96806pt.
File: ../html/gaussfilter.pdf Graphic file (type pdf)
<use ../html/gaussfilter.pdf>
Package pdftex.def Info: ../html/gaussfilter.pdf used on input line 73.
(pdftex.def)             Requested size: 614.29349pt x 794.96806pt.
<../html/gaussfilter.pdf, id=93, page=1, 614.295pt x 794.97pt>
File: ../html/gaussfilter.pdf Graphic file (type pdf)
<use ../html/gaussfilter.pdf, page 1>
Package pdftex.def Info: ../html/gaussfilter.pdf, page1 used on input line 73.
(pdftex.def)             Requested size: 614.29349pt x 794.96806pt.
File: ../html/gaussfilter.pdf Graphic file (type pdf)
<use ../html/gaussfilter.pdf, page 1>
Package pdftex.def Info: ../html/gaussfilter.pdf, page1 used on input line 73.
(pdftex.def)             Requested size: 614.58406pt x 795.3441pt.
File: ../html/gaussfilter.pdf Graphic file (type pdf)
<use ../html/gaussfilter.pdf, page 1>
Package pdftex.def Info: ../html/gaussfilter.pdf, page1 used on input line 73.
(pdftex.def)             Requested size: 614.58406pt x 795.3441pt.
File: ../html/gaussfilter.pdf Graphic file (type pdf)
<use ../html/gaussfilter.pdf, page 1>
Package pdftex.def Info: ../html/gaussfilter.pdf, page1 used on input line 73.
(pdftex.def)             Requested size: 614.58406pt x 795.3441pt.
File: ../html/gaussfilter.pdf Graphic file (type pdf)
<use ../html/gaussfilter.pdf, page 1>
Package pdftex.def Info: ../html/gaussfilter.pdf, page1 used on input line 73.
(pdftex.def)             Requested size: 614.58406pt x 795.3441pt.
[14 <../html/gaussfilter.pdf>] <../html/convolution.pdf, id=105, 614.295pt x 79
4.97pt>
File: ../html/convolution.pdf Graphic file (type pdf)
<use ../html/convolution.pdf>
Package pdftex.def Info: ../html/convolution.pdf used on input line 74.
(pdftex.def)             Requested size: 614.29349pt x 794.96806pt.
File: ../html/convolution.pdf Graphic file (type pdf)
<use ../html/convolution.pdf>
Package pdftex.def Info: ../html/convolution.pdf used on input line 74.
(pdftex.def)             Requested size: 614.29349pt x 794.96806pt.
<../html/convolution.pdf, id=108, page=1, 614.295pt x 794.97pt>
File: ../html/convolution.pdf Graphic file (type pdf)
<use ../html/convolution.pdf, page 1>
Package pdftex.def Info: ../html/convolution.pdf, page1 used on input line 74.
(pdftex.def)             Requested size: 614.29349pt x 794.96806pt.
File: ../html/convolution.pdf Graphic file (type pdf)
<use ../html/convolution.pdf, page 1>
Package pdftex.def Info: ../html/convolution.pdf, page1 used on input line 74.
(pdftex.def)             Requested size: 614.58406pt x 795.3441pt.
File: ../html/convolution.pdf Graphic file (type pdf)
<use ../html/convolution.pdf, page 1>
Package pdftex.def Info: ../html/convolution.pdf, page1 used on input line 74.
(pdftex.def)             Requested size: 614.58406pt x 795.3441pt.
File: ../html/convolution.pdf Graphic file (type pdf)
<use ../html/convolution.pdf, page 1>
Package pdftex.def Info: ../html/convolution.pdf, page1 used on input line 74.
(pdftex.def)             Requested size: 614.58406pt x 795.3441pt.
File: ../html/convolution.pdf Graphic file (type pdf)
<use ../html/convolution.pdf, page 1>
Package pdftex.def Info: ../html/convolution.pdf, page1 used on input line 74.
(pdftex.def)             Requested size: 614.58406pt x 795.3441pt.
[15 <../html/convolution.pdf>] <../html/medianfilter.pdf, id=120, 614.295pt x 7
94.97pt>
File: ../html/medianfilter.pdf Graphic file (type pdf)
<use ../html/medianfilter.pdf>
Package pdftex.def Info: ../html/medianfilter.pdf used on input line 75.
(pdftex.def)             Requested size: 614.29349pt x 794.96806pt.
File: ../html/medianfilter.pdf Graphic file (type pdf)
<use ../html/medianfilter.pdf>
Package pdftex.def Info: ../html/medianfilter.pdf used on input line 75.
(pdftex.def)             Requested size: 614.29349pt x 794.96806pt.
<../html/medianfilter.pdf, id=123, page=1, 614.295pt x 794.97pt>
File: ../html/medianfilter.pdf Graphic file (type pdf)
<use ../html/medianfilter.pdf, page 1>
Package pdftex.def Info: ../html/medianfilter.pdf, page1 used on input line 75.

(pdftex.def)             Requested size: 614.29349pt x 794.96806pt.
File: ../html/medianfilter.pdf Graphic file (type pdf)
<use ../html/medianfilter.pdf, page 1>
Package pdftex.def Info: ../html/medianfilter.pdf, page1 used on input line 75.

(pdftex.def)             Requested size: 614.58406pt x 795.3441pt.
File: ../html/medianfilter.pdf Graphic file (type pdf)
<use ../html/medianfilter.pdf, page 1>
Package pdftex.def Info: ../html/medianfilter.pdf, page1 used on input line 75.

(pdftex.def)             Requested size: 614.58406pt x 795.3441pt.
File: ../html/medianfilter.pdf Graphic file (type pdf)
<use ../html/medianfilter.pdf, page 1>
Package pdftex.def Info: ../html/medianfilter.pdf, page1 used on input line 75.

(pdftex.def)             Requested size: 614.58406pt x 795.3441pt.
File: ../html/medianfilter.pdf Graphic file (type pdf)
<use ../html/medianfilter.pdf, page 1>
Package pdftex.def Info: ../html/medianfilter.pdf, page1 used on input line 75.

(pdftex.def)             Requested size: 614.58406pt x 795.3441pt.
[16 <../html/medianfilter.pdf>] (./hw2.aux) ) 
Here is how much of TeX's memory you used:
 4272 strings out of 494985
 64072 string characters out of 6180356
 144317 words of memory out of 5000000
 7428 multiletter control sequences out of 15000+600000
 6983 words of font info for 25 fonts, out of 8000000 for 9000
 36 hyphenation exceptions out of 8191
 40i,18n,46p,361b,421s stack positions out of 5000i,500n,10000p,200000b,80000s
</usr/share/texlive/texmf-dist/fon
ts/type1/public/amsfonts/cm/cmbx10.pfb></usr/share/texlive/texmf-dist/fonts/typ
e1/public/amsfonts/cm/cmr10.pfb></usr/share/texlive/texmf-dist/fonts/type1/publ
ic/amsfonts/cm/cmr12.pfb></usr/share/texlive/texmf-dist/fonts/type1/public/amsf
onts/cm/cmr17.pfb></usr/share/texlive/texmf-dist/fonts/type1/public/amsfonts/cm
/cmsy10.pfb>
Output written on hw2.pdf (16 pages, 1414175 bytes).
PDF statistics:
 153 PDF objects out of 1000 (max. 8388607)
 89 compressed objects within 1 object stream
 0 named destinations out of 1000 (max. 500000)
 136 words of extra memory for PDF output out of 10000 (max. 10000000)

